# JRE version: Java(TM) SE Runtime Environment (17.0.7+8) (build 17.0.7+8-LTS-224)
# Java VM: Java HotSpot(TM) 64-Bit Server VM (17.0.7+8-LTS-224, mixed mode, sharing, tiered, compressed oops, compressed class ptrs, g1 gc, windows-amd64)
GC Precious Log:
 CPUs: 4 total, 4 available
 Memory: 8075M
 Large Page Support: Disabled
 NUMA Support: Disabled
 Compressed Oops: Enabled (32-bit)
 Heap Region Size: 1M
 Heap Min Capacity: 8M
 Heap Initial Capacity: 128M
 Heap Max Capacity: 2020M
 Pre-touch: Disabled
 Parallel Workers: 4
 Concurrent Workers: 1
 Concurrent Refinement Workers: 4
 Periodic GC: Disabled
Heap:
 garbage-first heap   total 131072K, used 82480K [0x0000000081c00000, 0x0000000100000000)
  region size 1024K, 75 young (76800K), 8 survivors (8192K)
 Metaspace       used 17452K, committed 17792K, reserved 1064960K
  class space    used 1854K, committed 2048K, reserved 1048576K
GC Heap History (8 events):
Event: 7.135 GC heap before
{Heap before GC invocations=0 (full 0):
 garbage-first heap   total 131072K, used 13312K [0x0000000081c00000, 0x0000000100000000)
  region size 1024K, 13 young (13312K), 0 survivors (0K)
 Metaspace       used 4077K, committed 4224K, reserved 1056768K
  class space    used 400K, committed 448K, reserved 1048576K
}
Event: 7.295 GC heap after
{Heap after GC invocations=1 (full 0):
 garbage-first heap   total 131072K, used 3237K [0x0000000081c00000, 0x0000000100000000)
  region size 1024K, 2 young (2048K), 2 survivors (2048K)
 Metaspace       used 4077K, committed 4224K, reserved 1056768K
  class space    used 400K, committed 448K, reserved 1048576K
}
Event: 9.827 GC heap before
{Heap before GC invocations=1 (full 0):
 garbage-first heap   total 131072K, used 18597K [0x0000000081c00000, 0x0000000100000000)
  region size 1024K, 17 young (17408K), 2 survivors (2048K)
 Metaspace       used 8509K, committed 8704K, reserved 1064960K
  class space    used 936K, committed 1024K, reserved 1048576K
}
Event: 9.832 GC heap after
{Heap after GC invocations=2 (full 0):
 garbage-first heap   total 131072K, used 4671K [0x0000000081c00000, 0x0000000100000000)
  region size 1024K, 2 young (2048K), 2 survivors (2048K)
 Metaspace       used 8509K, committed 8704K, reserved 1064960K
  class space    used 936K, committed 1024K, reserved 1048576K
}
Event: 14.705 GC heap before
{Heap before GC invocations=2 (full 0):
 garbage-first heap   total 131072K, used 79423K [0x0000000081c00000, 0x0000000100000000)
  region size 1024K, 76 young (77824K), 2 survivors (2048K)
 Metaspace       used 16887K, committed 17216K, reserved 1064960K
  class space    used 1830K, committed 1984K, reserved 1048576K
}
Event: 14.715 GC heap after
{Heap after GC invocations=3 (full 0):
 garbage-first heap   total 131072K, used 9957K [0x0000000081c00000, 0x0000000100000000)
  region size 1024K, 7 young (7168K), 7 survivors (7168K)
 Metaspace       used 16887K, committed 17216K, reserved 1064960K
  class space    used 1830K, committed 1984K, reserved 1048576K
}
Event: 15.718 GC heap before
{Heap before GC invocations=3 (full 0):
 garbage-first heap   total 131072K, used 79589K [0x0000000081c00000, 0x0000000100000000)
  region size 1024K, 76 young (77824K), 7 survivors (7168K)
 Metaspace       used 17110K, committed 17408K, reserved 1064960K
  class space    used 1835K, committed 1984K, reserved 1048576K
}
Event: 15.726 GC heap after
{Heap after GC invocations=4 (full 0):
 garbage-first heap   total 131072K, used 15920K [0x0000000081c00000, 0x0000000100000000)
  region size 1024K, 8 young (8192K), 8 survivors (8192K)
 Metaspace       used 17110K, committed 17408K, reserved 1064960K
  class space    used 1835K, committed 1984K, reserved 1048576K
}

